<?xml version="1.0" encoding="UTF-8"?>
<!-- Generated by org.testng.reporters.JUnitReportReporter -->
<testsuite hostname="Dzikra-Shanum" failures="1" tests="3" name="com.juaracoding.pageobject.step_definitions.TestRunner" time="28.579" errors="0" timestamp="2022-08-30T21:14:48 ICT" skipped="0">
  <testcase classname="com.juaracoding.pageobject.step_definitions.TestRunner" name="runScenario" time="23.434"/>
  <system-out/>
  <testcase classname="com.juaracoding.pageobject.step_definitions.TestRunner" name="runScenario" time="2.037">
    <failure message="expected [Launching Soo] but found [Launching Soon]" type="java.lang.AssertionError">
      <![CDATA[java.lang.AssertionError: expected [Launching Soo] but found [Launching Soon]
at org.testng.Assert.fail(Assert.java:99)
at org.testng.Assert.failNotEquals(Assert.java:1037)
at org.testng.Assert.assertEqualsImpl(Assert.java:140)
at org.testng.Assert.assertEquals(Assert.java:122)
at org.testng.Assert.assertEquals(Assert.java:629)
at org.testng.Assert.assertEquals(Assert.java:639)
at com.juaracoding.pageobject.step_definitions.TestDashboard.user_on_menu_dashboard(TestDashboard.java:34)
at âœ½.User on menu Dashboard(file:///C:/juaracoding/java/com.juaracoding.pageobject/src/test/resources/features/02.Dashboard.feature:5)
]]>
    </failure>
  </testcase> <!-- runScenario -->
  <system-out/>
  <testcase classname="com.juaracoding.pageobject.step_definitions.TestRunner" name="runScenario" time="3.108"/>
  <system-out/>
</testsuite> <!-- com.juaracoding.pageobject.step_definitions.TestRunner -->
